{
  "RSpec": {
    "coverage": {
      "/home/nana/Documents/sakura_market/app/controllers/order_items_controller.rb": [
        1,
        1,
        1,
        1,
        null,
        1,
        null,
        1,
        null,
        null,
        1,
        null,
        null,
        1,
        null,
        null,
        1,
        1,
        1,
        1,
        1,
        null,
        null,
        1,
        null,
        1,
        21,
        21,
        null,
        null,
        1,
        9,
        9,
        9,
        9,
        9,
        null,
        null,
        1,
        18,
        null,
        null
      ],
      "/home/nana/Documents/sakura_market/app/controllers/application_controller.rb": [
        1,
        1,
        1,
        null,
        1,
        51,
        51,
        28,
        null,
        23,
        null,
        null,
        null,
        1,
        0,
        null,
        null,
        1,
        20,
        null,
        null,
        1,
        0,
        null,
        null,
        1,
        2,
        2,
        null,
        null,
        1,
        33,
        null,
        null
      ],
      "/home/nana/Documents/sakura_market/app/models/order.rb": [
        1,
        null,
        1,
        1,
        1,
        null,
        1,
        null,
        1,
        1,
        1,
        null,
        1,
        39,
        null,
        null,
        1,
        9,
        null,
        null,
        1,
        13,
        null,
        null,
        1,
        13,
        null,
        null,
        1,
        5,
        null,
        null,
        1,
        4,
        null,
        null,
        1,
        3,
        3,
        null,
        3,
        null,
        null,
        1,
        1,
        1,
        1,
        1,
        1,
        1,
        null,
        1,
        null,
        null,
        1,
        null,
        1,
        4,
        null,
        null,
        1,
        4,
        4,
        null,
        null,
        1,
        8,
        null,
        null
      ],
      "/home/nana/Documents/sakura_market/app/models/order_item.rb": [
        1,
        1,
        1,
        null,
        1,
        1,
        null,
        1,
        null,
        1,
        null,
        1,
        150,
        null,
        null,
        1,
        null,
        75,
        null,
        null,
        1,
        13,
        null,
        null,
        1,
        null,
        1,
        18,
        18,
        null,
        null
      ],
      "/home/nana/Documents/sakura_market/app/controllers/products_controller.rb": [
        1,
        1,
        10,
        null,
        null,
        1,
        13,
        13,
        13,
        null,
        null
      ],
      "/home/nana/Documents/sakura_market/app/models/product.rb": [
        1,
        1,
        null,
        1,
        1,
        1,
        1,
        null,
        1,
        null,
        1,
        0,
        null,
        null
      ],
      "/home/nana/Documents/sakura_market/app/controllers/check_outs_controller.rb": [
        1,
        null,
        1,
        1,
        1,
        1,
        null,
        1,
        null,
        1,
        0,
        null,
        null,
        1,
        null,
        null,
        1,
        4,
        4,
        4,
        null,
        0,
        null,
        null,
        null,
        1,
        null,
        null,
        1,
        4,
        1,
        1,
        1,
        null,
        3,
        null,
        null,
        null,
        1,
        null,
        null,
        1,
        1,
        null,
        null,
        1,
        null,
        1,
        9,
        null,
        null,
        1,
        11,
        null,
        null,
        1,
        12,
        12,
        null,
        null,
        1,
        3,
        null,
        null,
        1,
        4,
        null,
        null,
        1,
        4,
        null,
        null,
        1,
        3,
        3,
        3,
        null,
        0,
        null,
        null,
        null
      ],
      "/home/nana/Documents/sakura_market/app/models/cash_on_delivery.rb": [
        1,
        5,
        null
      ],
      "/home/nana/Documents/sakura_market/app/channels/application_cable/channel.rb": [
        0,
        0,
        0,
        0
      ],
      "/home/nana/Documents/sakura_market/app/channels/application_cable/connection.rb": [
        0,
        0,
        0,
        0
      ],
      "/home/nana/Documents/sakura_market/app/controllers/accounts_controller.rb": [
        0,
        0,
        0,
        0
      ],
      "/home/nana/Documents/sakura_market/app/controllers/admin/admin_controller.rb": [
        0,
        0,
        0,
        0,
        0,
        0,
        0,
        0,
        0,
        0
      ],
      "/home/nana/Documents/sakura_market/app/controllers/admin/products_controller.rb": [
        0,
        0,
        0,
        0,
        0,
        0,
        0,
        0,
        0,
        0,
        0,
        0,
        0,
        0,
        0,
        0,
        0,
        0,
        0,
        0,
        0,
        0,
        0,
        0,
        0,
        0,
        0,
        0,
        0,
        0,
        0,
        0,
        0,
        0,
        0,
        0,
        0,
        0,
        0,
        0,
        0,
        0,
        0,
        0,
        0,
        0,
        0,
        0
      ],
      "/home/nana/Documents/sakura_market/app/controllers/admin/users_controller.rb": [
        0,
        0,
        0,
        0,
        0,
        0,
        0,
        0,
        0,
        0,
        0,
        0,
        0,
        0,
        0,
        0,
        0,
        0,
        0,
        0,
        0
      ],
      "/home/nana/Documents/sakura_market/app/controllers/registrations_controller.rb": [
        0,
        0,
        0,
        0,
        0,
        0,
        0,
        0,
        0,
        0,
        0
      ],
      "/home/nana/Documents/sakura_market/app/helpers/accounts_helper.rb": [
        0,
        0
      ],
      "/home/nana/Documents/sakura_market/app/helpers/admin/products_helper.rb": [
        0,
        0
      ],
      "/home/nana/Documents/sakura_market/app/helpers/admin/users_helper.rb": [
        0,
        0
      ],
      "/home/nana/Documents/sakura_market/app/helpers/application_helper.rb": [
        0,
        0,
        0,
        0,
        0,
        0,
        0,
        0,
        0
      ],
      "/home/nana/Documents/sakura_market/app/helpers/check_outs_helper.rb": [
        0,
        0,
        0,
        0,
        0,
        0,
        0,
        0,
        0,
        0,
        0,
        0,
        0,
        0,
        0,
        0,
        0,
        0,
        0,
        0,
        0,
        0,
        0,
        0,
        0,
        0,
        0,
        0,
        0,
        0,
        0,
        0,
        0,
        0
      ],
      "/home/nana/Documents/sakura_market/app/helpers/order_items_helper.rb": [
        0,
        0
      ],
      "/home/nana/Documents/sakura_market/app/helpers/products_helper.rb": [
        0,
        0
      ],
      "/home/nana/Documents/sakura_market/app/jobs/application_job.rb": [
        0,
        0
      ],
      "/home/nana/Documents/sakura_market/app/mailers/application_mailer.rb": [
        0,
        0,
        0,
        0
      ],
      "/home/nana/Documents/sakura_market/app/models/application_record.rb": [
        0,
        0,
        0
      ],
      "/home/nana/Documents/sakura_market/app/models/user.rb": [
        0,
        0,
        0,
        0,
        0,
        0,
        0,
        0,
        0,
        0,
        0,
        0,
        0,
        0,
        0,
        0,
        0,
        0,
        0,
        0,
        0,
        0,
        0,
        0,
        0,
        0,
        0,
        0,
        0,
        0
      ]
    },
    "timestamp": 1478667406
  }
}
